[2020-09-25 15:54:50.633] [exthost] [info] extension host started
[2020-09-25 15:54:50.692] [exthost] [info] ExtensionService#_doActivateExtension vscode.microsoft-authentication {"startup":false,"extensionId":{"value":"vscode.microsoft-authentication","_lower":"vscode.microsoft-authentication"},"activationEvent":"onAuthenticationRequest:microsoft"}
[2020-09-25 15:54:50.693] [exthost] [info] ExtensionService#loadCommonJSModule file:///opt/visual-studio-code/resources/app/extensions/microsoft-authentication/dist/extension.js
[2020-09-25 15:54:50.726] [exthost] [info] ExtensionService#_doActivateExtension vscode.github-authentication {"startup":false,"extensionId":{"value":"vscode.github-authentication","_lower":"vscode.github-authentication"},"activationEvent":"onAuthenticationRequest:github"}
[2020-09-25 15:54:50.726] [exthost] [info] ExtensionService#loadCommonJSModule file:///opt/visual-studio-code/resources/app/extensions/github-authentication/dist/extension.js
[2020-09-25 15:54:50.747] [exthost] [info] ExtensionService#_doActivateExtension aaron-bond.better-comments {"startup":false,"extensionId":{"value":"aaron-bond.better-comments","_lower":"aaron-bond.better-comments"},"activationEvent":"onLanguage:plaintext"}
[2020-09-25 15:54:50.747] [exthost] [info] ExtensionService#loadCommonJSModule file:///home/wilmer/.vscode/extensions/aaron-bond.better-comments-2.1.0/out/extension
[2020-09-25 15:54:50.750] [exthost] [info] ExtensionService#_doActivateExtension vscode.python {"startup":false,"extensionId":{"value":"vscode.python","_lower":"vscode.python"},"activationEvent":"onLanguage:python"}
[2020-09-25 15:54:50.751] [exthost] [info] ExtensionService#loadCommonJSModule file:///opt/visual-studio-code/resources/app/extensions/python/dist/pythonMain
[2020-09-25 15:54:50.753] [exthost] [info] ExtensionService#_doActivateExtension ms-python.python {"startup":false,"extensionId":{"value":"ms-python.python","_lower":"ms-python.python"},"activationEvent":"onLanguage:python"}
[2020-09-25 15:54:50.753] [exthost] [info] ExtensionService#loadCommonJSModule file:///home/wilmer/.vscode/extensions/ms-python.python-2020.9.111407/out/client/extension
[2020-09-25 15:54:50.994] [exthost] [info] ExtensionService#_doActivateExtension VisualStudioExptTeam.vscodeintellicode {"startup":false,"extensionId":{"value":"VisualStudioExptTeam.vscodeintellicode","_lower":"visualstudioexptteam.vscodeintellicode"},"activationEvent":"onLanguage:python"}
[2020-09-25 15:54:50.994] [exthost] [info] ExtensionService#loadCommonJSModule file:///home/wilmer/.vscode/extensions/visualstudioexptteam.vscodeintellicode-1.2.10/dist/intellicode
[2020-09-25 15:54:51.068] [exthost] [info] ExtensionService#_doActivateExtension whinarn.python-auto-venv {"startup":false,"extensionId":{"value":"whinarn.python-auto-venv","_lower":"whinarn.python-auto-venv"},"activationEvent":"onLanguage:python"}
[2020-09-25 15:54:51.068] [exthost] [info] ExtensionService#loadCommonJSModule file:///home/wilmer/.vscode/extensions/whinarn.python-auto-venv-1.1.1/dist/extension.js
[2020-09-25 15:54:51.072] [exthost] [info] ExtensionService#_doActivateExtension vscode.debug-auto-launch {"startup":true,"extensionId":{"value":"vscode.debug-auto-launch","_lower":"vscode.debug-auto-launch"},"activationEvent":"*"}
[2020-09-25 15:54:51.072] [exthost] [info] ExtensionService#loadCommonJSModule file:///opt/visual-studio-code/resources/app/extensions/debug-auto-launch/dist/extension
[2020-09-25 15:54:51.078] [exthost] [info] ExtensionService#_doActivateExtension vscode.emmet {"startup":true,"extensionId":{"value":"vscode.emmet","_lower":"vscode.emmet"},"activationEvent":"*"}
[2020-09-25 15:54:51.078] [exthost] [info] ExtensionService#loadCommonJSModule file:///opt/visual-studio-code/resources/app/extensions/emmet/dist/node/emmetNodeMain
[2020-09-25 15:54:51.096] [exthost] [info] ExtensionService#_doActivateExtension vscode.git {"startup":true,"extensionId":{"value":"vscode.github","_lower":"vscode.github"},"activationEvent":"*"}
[2020-09-25 15:54:51.096] [exthost] [info] ExtensionService#loadCommonJSModule file:///opt/visual-studio-code/resources/app/extensions/git/dist/main
[2020-09-25 15:54:51.178] [exthost] [info] ExtensionService#_doActivateExtension vscode.merge-conflict {"startup":true,"extensionId":{"value":"vscode.merge-conflict","_lower":"vscode.merge-conflict"},"activationEvent":"*"}
[2020-09-25 15:54:51.179] [exthost] [info] ExtensionService#loadCommonJSModule file:///opt/visual-studio-code/resources/app/extensions/merge-conflict/dist/mergeConflictMain
[2020-09-25 15:54:51.200] [exthost] [info] ExtensionService#_doActivateExtension vscode.search-result {"startup":true,"extensionId":{"value":"vscode.search-result","_lower":"vscode.search-result"},"activationEvent":"*"}
[2020-09-25 15:54:51.203] [exthost] [info] ExtensionService#loadCommonJSModule file:///opt/visual-studio-code/resources/app/extensions/search-result/dist/extension.js
[2020-09-25 15:54:51.205] [exthost] [info] ExtensionService#_doActivateExtension CoenraadS.bracket-pair-colorizer-2 {"startup":true,"extensionId":{"value":"CoenraadS.bracket-pair-colorizer-2","_lower":"coenraads.bracket-pair-colorizer-2"},"activationEvent":"*"}
[2020-09-25 15:54:51.206] [exthost] [info] ExtensionService#loadCommonJSModule file:///home/wilmer/.vscode/extensions/coenraads.bracket-pair-colorizer-2-0.2.0/out/src/extension
[2020-09-25 15:54:51.228] [exthost] [info] ExtensionService#_doActivateExtension formulahendry.terminal {"startup":true,"extensionId":{"value":"formulahendry.terminal","_lower":"formulahendry.terminal"},"activationEvent":"*"}
[2020-09-25 15:54:51.228] [exthost] [info] ExtensionService#loadCommonJSModule file:///home/wilmer/.vscode/extensions/formulahendry.terminal-0.0.10/out/src/extension
[2020-09-25 15:54:51.252] [exthost] [info] ExtensionService#_doActivateExtension PKief.material-icon-theme {"startup":true,"extensionId":{"value":"PKief.material-icon-theme","_lower":"pkief.material-icon-theme"},"activationEvent":"*"}
[2020-09-25 15:54:51.252] [exthost] [info] ExtensionService#loadCommonJSModule file:///home/wilmer/.vscode/extensions/pkief.material-icon-theme-4.3.0/dist/extension
[2020-09-25 15:54:51.837] [exthost] [info] ExtensionService#_doActivateExtension vscode.github {"startup":true,"extensionId":{"value":"vscode.github","_lower":"vscode.github"},"activationEvent":"*"}
[2020-09-25 15:54:51.837] [exthost] [info] ExtensionService#loadCommonJSModule file:///opt/visual-studio-code/resources/app/extensions/github/dist/extension.js
[2020-09-25 15:54:51.918] [exthost] [info] eager extensions activated
[2020-09-25 15:54:55.927] [exthost] [info] ExtensionService#_doActivateExtension vscode.configuration-editing {"startup":false,"extensionId":{"value":"vscode.configuration-editing","_lower":"vscode.configuration-editing"},"activationEvent":"onLanguage:jsonc"}
[2020-09-25 15:54:55.927] [exthost] [info] ExtensionService#loadCommonJSModule file:///opt/visual-studio-code/resources/app/extensions/configuration-editing/dist/configurationEditingMain
[2020-09-25 15:54:55.931] [exthost] [info] ExtensionService#_doActivateExtension vscode.json-language-features {"startup":false,"extensionId":{"value":"vscode.json-language-features","_lower":"vscode.json-language-features"},"activationEvent":"onLanguage:jsonc"}
[2020-09-25 15:54:55.931] [exthost] [info] ExtensionService#loadCommonJSModule file:///opt/visual-studio-code/resources/app/extensions/json-language-features/client/dist/node/jsonClientMain
[2020-09-25 15:54:55.949] [exthost] [info] ExtensionService#_doActivateExtension vscode.typescript-language-features {"startup":false,"extensionId":{"value":"vscode.typescript-language-features","_lower":"vscode.typescript-language-features"},"activationEvent":"onLanguage:jsonc"}
[2020-09-25 15:54:55.949] [exthost] [info] ExtensionService#loadCommonJSModule file:///opt/visual-studio-code/resources/app/extensions/typescript-language-features/dist/extension
[2020-09-25 15:54:58.822] [exthost] [error] [ms-python.python] provider FAILED
[2020-09-25 15:54:58.836] [exthost] [error] Canceled: Canceled
	at _.makeCancelError (/home/wilmer/.vscode/extensions/ms-python.python-2020.9.111407/out/client/extension.js:1:311785)
	at _.handleFailedRequest (/home/wilmer/.vscode/extensions/ms-python.python-2020.9.111407/out/client/extension.js:1:311639)
	at /home/wilmer/.vscode/extensions/ms-python.python-2020.9.111407/out/client/extension.js:1:281995
[2020-09-25 17:22:14.861] [exthost] [info] ExtensionService#_doActivateExtension vscode.extension-editing {"startup":false,"extensionId":{"value":"vscode.extension-editing","_lower":"vscode.extension-editing"},"activationEvent":"onLanguage:json"}
[2020-09-25 17:22:14.862] [exthost] [info] ExtensionService#loadCommonJSModule file:///opt/visual-studio-code/resources/app/extensions/extension-editing/dist/extensionEditingMain
[2020-09-25 17:22:14.926] [exthost] [info] ExtensionService#_doActivateExtension ms-vscode.js-debug {"startup":false,"extensionId":{"value":"ms-vscode.js-debug","_lower":"ms-vscode.js-debug"},"activationEvent":"onLanguage:json"}
[2020-09-25 17:22:14.926] [exthost] [info] ExtensionService#loadCommonJSModule file:///opt/visual-studio-code/resources/app/extensions/ms-vscode.js-debug/src/extension.js
[2020-09-25 17:22:15.544] [exthost] [info] ExtensionService#_doActivateExtension vscode.npm {"startup":false,"extensionId":{"value":"vscode.npm","_lower":"vscode.npm"},"activationEvent":"onLanguage:json"}
[2020-09-25 17:22:15.544] [exthost] [info] ExtensionService#loadCommonJSModule file:///opt/visual-studio-code/resources/app/extensions/npm/dist/npmMain
[2020-09-25 17:25:34.013] [exthost] [error] [ms-python.python] provider FAILED
[2020-09-25 17:25:34.014] [exthost] [error] Canceled: Canceled
	at _.makeCancelError (/home/wilmer/.vscode/extensions/ms-python.python-2020.9.111407/out/client/extension.js:1:311785)
	at _.handleFailedRequest (/home/wilmer/.vscode/extensions/ms-python.python-2020.9.111407/out/client/extension.js:1:311639)
	at /home/wilmer/.vscode/extensions/ms-python.python-2020.9.111407/out/client/extension.js:1:281995
[2020-09-25 17:35:39.433] [exthost] [error] [ms-python.python] provider FAILED
[2020-09-25 17:35:39.434] [exthost] [error] Canceled: Canceled
	at _.makeCancelError (/home/wilmer/.vscode/extensions/ms-python.python-2020.9.111407/out/client/extension.js:1:311785)
	at _.handleFailedRequest (/home/wilmer/.vscode/extensions/ms-python.python-2020.9.111407/out/client/extension.js:1:311639)
	at /home/wilmer/.vscode/extensions/ms-python.python-2020.9.111407/out/client/extension.js:1:278065
[2020-09-25 17:35:40.712] [exthost] [error] [ms-python.python] provider FAILED
[2020-09-25 17:35:40.713] [exthost] [error] Canceled: Canceled
	at _.makeCancelError (/home/wilmer/.vscode/extensions/ms-python.python-2020.9.111407/out/client/extension.js:1:311785)
	at _.handleFailedRequest (/home/wilmer/.vscode/extensions/ms-python.python-2020.9.111407/out/client/extension.js:1:311639)
	at /home/wilmer/.vscode/extensions/ms-python.python-2020.9.111407/out/client/extension.js:1:278065
[2020-09-25 17:35:55.182] [exthost] [error] [ms-python.python] provider FAILED
[2020-09-25 17:35:55.182] [exthost] [error] Canceled: Canceled
	at _.makeCancelError (/home/wilmer/.vscode/extensions/ms-python.python-2020.9.111407/out/client/extension.js:1:311785)
	at _.handleFailedRequest (/home/wilmer/.vscode/extensions/ms-python.python-2020.9.111407/out/client/extension.js:1:311639)
	at /home/wilmer/.vscode/extensions/ms-python.python-2020.9.111407/out/client/extension.js:1:281995
[2020-09-25 17:42:25.247] [exthost] [error] [ms-python.python] provider FAILED
[2020-09-25 17:42:25.247] [exthost] [error] Canceled: Canceled
	at _.makeCancelError (/home/wilmer/.vscode/extensions/ms-python.python-2020.9.111407/out/client/extension.js:1:311785)
	at _.handleFailedRequest (/home/wilmer/.vscode/extensions/ms-python.python-2020.9.111407/out/client/extension.js:1:311639)
	at /home/wilmer/.vscode/extensions/ms-python.python-2020.9.111407/out/client/extension.js:1:281995
[2020-09-25 17:42:25.525] [exthost] [error] [ms-python.python] provider FAILED
[2020-09-25 17:42:25.525] [exthost] [error] Canceled: Canceled
	at _.makeCancelError (/home/wilmer/.vscode/extensions/ms-python.python-2020.9.111407/out/client/extension.js:1:311785)
	at _.handleFailedRequest (/home/wilmer/.vscode/extensions/ms-python.python-2020.9.111407/out/client/extension.js:1:311639)
	at /home/wilmer/.vscode/extensions/ms-python.python-2020.9.111407/out/client/extension.js:1:278065
[2020-09-25 17:42:53.343] [exthost] [error] [ms-python.python] provider FAILED
[2020-09-25 17:42:53.343] [exthost] [error] Canceled: Canceled
	at _.makeCancelError (/home/wilmer/.vscode/extensions/ms-python.python-2020.9.111407/out/client/extension.js:1:311785)
	at _.handleFailedRequest (/home/wilmer/.vscode/extensions/ms-python.python-2020.9.111407/out/client/extension.js:1:311639)
	at /home/wilmer/.vscode/extensions/ms-python.python-2020.9.111407/out/client/extension.js:1:281995
[2020-09-25 17:42:56.030] [exthost] [error] [ms-python.python] provider FAILED
[2020-09-25 17:42:56.030] [exthost] [error] Canceled: Canceled
	at _.makeCancelError (/home/wilmer/.vscode/extensions/ms-python.python-2020.9.111407/out/client/extension.js:1:311785)
	at _.handleFailedRequest (/home/wilmer/.vscode/extensions/ms-python.python-2020.9.111407/out/client/extension.js:1:311639)
	at /home/wilmer/.vscode/extensions/ms-python.python-2020.9.111407/out/client/extension.js:1:278065
[2020-09-25 17:43:03.113] [exthost] [error] [ms-python.python] provider FAILED
[2020-09-25 17:43:03.113] [exthost] [error] Canceled: Canceled
	at _.makeCancelError (/home/wilmer/.vscode/extensions/ms-python.python-2020.9.111407/out/client/extension.js:1:311785)
	at _.handleFailedRequest (/home/wilmer/.vscode/extensions/ms-python.python-2020.9.111407/out/client/extension.js:1:311639)
	at /home/wilmer/.vscode/extensions/ms-python.python-2020.9.111407/out/client/extension.js:1:278065
[2020-09-25 17:43:51.533] [exthost] [error] [ms-python.python] provider FAILED
[2020-09-25 17:43:51.533] [exthost] [error] Canceled: Canceled
	at _.makeCancelError (/home/wilmer/.vscode/extensions/ms-python.python-2020.9.111407/out/client/extension.js:1:311785)
	at _.handleFailedRequest (/home/wilmer/.vscode/extensions/ms-python.python-2020.9.111407/out/client/extension.js:1:311639)
	at /home/wilmer/.vscode/extensions/ms-python.python-2020.9.111407/out/client/extension.js:1:281995
[2020-09-25 17:49:51.030] [exthost] [error] [ms-python.python] provider FAILED
[2020-09-25 17:49:51.030] [exthost] [error] Canceled: Canceled
	at _.makeCancelError (/home/wilmer/.vscode/extensions/ms-python.python-2020.9.111407/out/client/extension.js:1:311785)
	at _.handleFailedRequest (/home/wilmer/.vscode/extensions/ms-python.python-2020.9.111407/out/client/extension.js:1:311639)
	at /home/wilmer/.vscode/extensions/ms-python.python-2020.9.111407/out/client/extension.js:1:281995
[2020-09-25 17:49:54.509] [exthost] [error] [ms-python.python] provider FAILED
[2020-09-25 17:49:54.510] [exthost] [error] Canceled: Canceled
	at _.makeCancelError (/home/wilmer/.vscode/extensions/ms-python.python-2020.9.111407/out/client/extension.js:1:311785)
	at _.handleFailedRequest (/home/wilmer/.vscode/extensions/ms-python.python-2020.9.111407/out/client/extension.js:1:311639)
	at /home/wilmer/.vscode/extensions/ms-python.python-2020.9.111407/out/client/extension.js:1:274417
[2020-09-25 17:49:55.002] [exthost] [error] [ms-python.python] provider FAILED
[2020-09-25 17:49:55.002] [exthost] [error] Canceled: Canceled
	at _.makeCancelError (/home/wilmer/.vscode/extensions/ms-python.python-2020.9.111407/out/client/extension.js:1:311785)
	at _.handleFailedRequest (/home/wilmer/.vscode/extensions/ms-python.python-2020.9.111407/out/client/extension.js:1:311639)
	at /home/wilmer/.vscode/extensions/ms-python.python-2020.9.111407/out/client/extension.js:1:274417
[2020-09-25 17:49:55.249] [exthost] [error] [ms-python.python] provider FAILED
[2020-09-25 17:49:55.249] [exthost] [error] Canceled: Canceled
	at _.makeCancelError (/home/wilmer/.vscode/extensions/ms-python.python-2020.9.111407/out/client/extension.js:1:311785)
	at _.handleFailedRequest (/home/wilmer/.vscode/extensions/ms-python.python-2020.9.111407/out/client/extension.js:1:311639)
	at /home/wilmer/.vscode/extensions/ms-python.python-2020.9.111407/out/client/extension.js:1:278065
[2020-09-25 17:49:56.047] [exthost] [error] [ms-python.python] provider FAILED
[2020-09-25 17:49:56.047] [exthost] [error] Canceled: Canceled
	at _.makeCancelError (/home/wilmer/.vscode/extensions/ms-python.python-2020.9.111407/out/client/extension.js:1:311785)
	at _.handleFailedRequest (/home/wilmer/.vscode/extensions/ms-python.python-2020.9.111407/out/client/extension.js:1:311639)
	at /home/wilmer/.vscode/extensions/ms-python.python-2020.9.111407/out/client/extension.js:1:274417
[2020-09-25 17:49:56.305] [exthost] [error] [ms-python.python] provider FAILED
[2020-09-25 17:49:56.305] [exthost] [error] Canceled: Canceled
	at _.makeCancelError (/home/wilmer/.vscode/extensions/ms-python.python-2020.9.111407/out/client/extension.js:1:311785)
	at _.handleFailedRequest (/home/wilmer/.vscode/extensions/ms-python.python-2020.9.111407/out/client/extension.js:1:311639)
	at /home/wilmer/.vscode/extensions/ms-python.python-2020.9.111407/out/client/extension.js:1:278065
[2020-09-25 17:51:04.247] [exthost] [error] [ms-python.python] provider FAILED
[2020-09-25 17:51:04.247] [exthost] [error] Canceled: Canceled
	at _.makeCancelError (/home/wilmer/.vscode/extensions/ms-python.python-2020.9.111407/out/client/extension.js:1:311785)
	at _.handleFailedRequest (/home/wilmer/.vscode/extensions/ms-python.python-2020.9.111407/out/client/extension.js:1:311639)
	at /home/wilmer/.vscode/extensions/ms-python.python-2020.9.111407/out/client/extension.js:1:281995
[2020-09-25 17:52:09.415] [exthost] [error] [ms-python.python] provider FAILED
[2020-09-25 17:52:09.415] [exthost] [error] Canceled: Canceled
	at _.makeCancelError (/home/wilmer/.vscode/extensions/ms-python.python-2020.9.111407/out/client/extension.js:1:311785)
	at _.handleFailedRequest (/home/wilmer/.vscode/extensions/ms-python.python-2020.9.111407/out/client/extension.js:1:311639)
	at /home/wilmer/.vscode/extensions/ms-python.python-2020.9.111407/out/client/extension.js:1:278065
[2020-09-25 17:52:09.604] [exthost] [error] [ms-python.python] provider FAILED
[2020-09-25 17:52:09.604] [exthost] [error] Canceled: Canceled
	at _.makeCancelError (/home/wilmer/.vscode/extensions/ms-python.python-2020.9.111407/out/client/extension.js:1:311785)
	at _.handleFailedRequest (/home/wilmer/.vscode/extensions/ms-python.python-2020.9.111407/out/client/extension.js:1:311639)
	at /home/wilmer/.vscode/extensions/ms-python.python-2020.9.111407/out/client/extension.js:1:278065
[2020-09-25 17:52:11.781] [exthost] [error] [ms-python.python] provider FAILED
[2020-09-25 17:52:11.781] [exthost] [error] Canceled: Canceled
	at _.makeCancelError (/home/wilmer/.vscode/extensions/ms-python.python-2020.9.111407/out/client/extension.js:1:311785)
	at _.handleFailedRequest (/home/wilmer/.vscode/extensions/ms-python.python-2020.9.111407/out/client/extension.js:1:311639)
	at /home/wilmer/.vscode/extensions/ms-python.python-2020.9.111407/out/client/extension.js:1:278065
[2020-09-25 17:52:16.209] [exthost] [error] [ms-python.python] provider FAILED
[2020-09-25 17:52:16.209] [exthost] [error] Canceled: Canceled
	at _.makeCancelError (/home/wilmer/.vscode/extensions/ms-python.python-2020.9.111407/out/client/extension.js:1:311785)
	at _.handleFailedRequest (/home/wilmer/.vscode/extensions/ms-python.python-2020.9.111407/out/client/extension.js:1:311639)
	at /home/wilmer/.vscode/extensions/ms-python.python-2020.9.111407/out/client/extension.js:1:278065
