User belongs to experiment group 'ShowPlayIcon - start'
User belongs to experiment group 'DebugAdapterFactory - experiment'
User belongs to experiment group 'PtvsdWheels37 - experiment'
User belongs to experiment group 'UseTerminalToGetActivatedEnvVars - control'
User belongs to experiment group 'AA_testing - experiment'
User belongs to experiment group 'LocalZMQKernel - experiment'
User belongs to experiment group 'CollectLSRequestTiming - control'
User belongs to experiment group 'CollectNodeLSRequestTiming - experiment'
User belongs to experiment group 'EnableIPyWidgets - experiment'
User belongs to experiment group 'RunByLine - control'
User belongs to experiment group 'CustomEditorSupport - control'
User belongs to experiment group 'pythonaa'
> conda --version
> conda info --json
> pyenv root
> python3.7 ~/.vscode/extensions/ms-python.python-2020.8.109390/pythonFiles/pyvsc-run-isolated.py -c "import sys;print(sys.executable)"
> python3.6 ~/.vscode/extensions/ms-python.python-2020.8.109390/pythonFiles/pyvsc-run-isolated.py -c "import sys;print(sys.executable)"
> python3 ~/.vscode/extensions/ms-python.python-2020.8.109390/pythonFiles/pyvsc-run-isolated.py -c "import sys;print(sys.executable)"
> python2 ~/.vscode/extensions/ms-python.python-2020.8.109390/pythonFiles/pyvsc-run-isolated.py -c "import sys;print(sys.executable)"
> python ~/.vscode/extensions/ms-python.python-2020.8.109390/pythonFiles/pyvsc-run-isolated.py -c "import sys;print(sys.executable)"
> /home/willab/.local/share/virtualenvs/PythonProjects-xJVXXXja/bin/python ~/.vscode/extensions/ms-python.python-2020.8.109390/pythonFiles/pyvsc-run-isolated.py -c "import sys;print(sys.executable)"
> /home/willab/.local/share/virtualenvs/PythonProjects-xJVXXXja/bin/python ~/.vscode/extensions/ms-python.python-2020.8.109390/pythonFiles/pyvsc-run-isolated.py -c "import sys;print(sys.executable)"
> /home/willab/.local/share/virtualenvs/PythonProjects-xJVXXXja/bin/python ~/.vscode/extensions/ms-python.python-2020.8.109390/pythonFiles/pyvsc-run-isolated.py -c "import sys;print(sys.executable)"
> /home/willab/.local/share/virtualenvs/PythonProjects-xJVXXXja/bin/python ~/.vscode/extensions/ms-python.python-2020.8.109390/pythonFiles/pyvsc-run-isolated.py -c "import sys;print(sys.executable)"
> /home/willab/.local/share/virtualenvs/PythonProjects-xJVXXXja/bin/python ~/.vscode/extensions/ms-python.python-2020.8.109390/pythonFiles/pyvsc-run-isolated.py -c "import sys;print(sys.executable)"
> /home/willab/.local/share/virtualenvs/PythonProjects-xJVXXXja/bin/python ~/.vscode/extensions/ms-python.python-2020.8.109390/pythonFiles/pyvsc-run-isolated.py -c "import sys;print(sys.executable)"
> /home/willab/.local/share/virtualenvs/PythonProjects-xJVXXXja/bin/python ~/.vscode/extensions/ms-python.python-2020.8.109390/pythonFiles/pyvsc-run-isolated.py -c "import sys;print(sys.executable)"
> /home/willab/.local/share/virtualenvs/PythonProjects-xJVXXXja/bin/python ~/.vscode/extensions/ms-python.python-2020.8.109390/pythonFiles/pyvsc-run-isolated.py -c "import sys;print(sys.executable)"
> /home/willab/.local/share/virtualenvs/PythonProjects-xJVXXXja/bin/python ~/.vscode/extensions/ms-python.python-2020.8.109390/pythonFiles/pyvsc-run-isolated.py -c "import sys;print(sys.executable)"
> /home/willab/.local/share/virtualenvs/PythonProjects-xJVXXXja/bin/python ~/.vscode/extensions/ms-python.python-2020.8.109390/pythonFiles/pyvsc-run-isolated.py -c "import sys;print(sys.executable)"
> /home/willab/.local/share/virtualenvs/PythonProjects-xJVXXXja/bin/python ~/.vscode/extensions/ms-python.python-2020.8.109390/pythonFiles/pyvsc-run-isolated.py -c "import sys;print(sys.executable)"
> /home/willab/.local/share/virtualenvs/PythonProjects-xJVXXXja/bin/python ~/.vscode/extensions/ms-python.python-2020.8.109390/pythonFiles/pyvsc-run-isolated.py -c "import sys;print(sys.executable)"
> /home/willab/.local/share/virtualenvs/PythonProjects-xJVXXXja/bin/python ~/.vscode/extensions/ms-python.python-2020.8.109390/pythonFiles/pyvsc-run-isolated.py -c "import sys;print(sys.executable)"
Starting Microsoft Python language server.
> pipenv --version
cwd: ~/PythonProjects
> /home/willab/.local/share/virtualenvs/PythonProjects-xJVXXXja/bin/python ~/.vscode/extensions/ms-python.python-2020.8.109390/pythonFiles/pyvsc-run-isolated.py -c "import sys;print(sys.executable)"
> /home/willab/.local/share/virtualenvs/PythonProjects-xJVXXXja/bin/python ~/.vscode/extensions/ms-python.python-2020.8.109390/pythonFiles/pyvsc-run-isolated.py -c "import sys;print(sys.executable)"
> /home/willab/.local/share/virtualenvs/PythonProjects-xJVXXXja/bin/python ~/.vscode/extensions/ms-python.python-2020.8.109390/pythonFiles/pyvsc-run-isolated.py -c "import sys;print(sys.executable)"
> /home/willab/.local/share/virtualenvs/PythonProjects-xJVXXXja/bin/python ~/.vscode/extensions/ms-python.python-2020.8.109390/pythonFiles/pyvsc-run-isolated.py -c "import sys;print(sys.executable)"
> /home/willab/.local/share/virtualenvs/PythonProjects-xJVXXXja/bin/python ~/.vscode/extensions/ms-python.python-2020.8.109390/pythonFiles/pyvsc-run-isolated.py -c "import sys;print(sys.executable)"
> /home/willab/.local/share/virtualenvs/PythonProjects-xJVXXXja/bin/python ~/.vscode/extensions/ms-python.python-2020.8.109390/pythonFiles/pyvsc-run-isolated.py -c "import sys;print(sys.executable)"
> /home/willab/.local/share/virtualenvs/PythonProjects-xJVXXXja/bin/python ~/.vscode/extensions/ms-python.python-2020.8.109390/pythonFiles/pyvsc-run-isolated.py -c "import sys;print(sys.executable)"
> /home/willab/.local/share/virtualenvs/PythonProjects-xJVXXXja/bin/python ~/.vscode/extensions/ms-python.python-2020.8.109390/pythonFiles/pyvsc-run-isolated.py -c "import sys;print(sys.executable)"
> /home/willab/.local/share/virtualenvs/PythonProjects-xJVXXXja/bin/python ~/.vscode/extensions/ms-python.python-2020.8.109390/pythonFiles/pyvsc-run-isolated.py -c "import sys;print(sys.executable)"
> /home/willab/.local/share/virtualenvs/PythonProjects-xJVXXXja/bin/python ~/.vscode/extensions/ms-python.python-2020.8.109390/pythonFiles/pyvsc-run-isolated.py -c "import sys;print(sys.executable)"
> /home/willab/.local/share/virtualenvs/PythonProjects-xJVXXXja/bin/python ~/.vscode/extensions/ms-python.python-2020.8.109390/pythonFiles/pyvsc-run-isolated.py -c "import sys;print(sys.executable)"
> /home/willab/.local/share/virtualenvs/PythonProjects-xJVXXXja/bin/python ~/.vscode/extensions/ms-python.python-2020.8.109390/pythonFiles/pyvsc-run-isolated.py -c "import sys;print(sys.executable)"
> /home/willab/.local/share/virtualenvs/PythonProjects-xJVXXXja/bin/python ~/.vscode/extensions/ms-python.python-2020.8.109390/pythonFiles/pyvsc-run-isolated.py -c "import sys;print(sys.executable)"
> /home/willab/.local/share/virtualenvs/PythonProjects-xJVXXXja/bin/python ~/.vscode/extensions/ms-python.python-2020.8.109390/pythonFiles/pyvsc-run-isolated.py -c "import sys;print(sys.executable)"
> /home/willab/.local/share/virtualenvs/PythonProjects-xJVXXXja/bin/python ~/.vscode/extensions/ms-python.python-2020.8.109390/pythonFiles/pyvsc-run-isolated.py -c "import sys;print(sys.executable)"
> /home/willab/.local/share/virtualenvs/PythonProjects-xJVXXXja/bin/python ~/.vscode/extensions/ms-python.python-2020.8.109390/pythonFiles/pyvsc-run-isolated.py -c "import sys;print(sys.executable)"
Error 2020-09-23 10:10:31: Listing Nuget Packages, Class name = d, completed in 10702ms, has a falsy return value, Arg 1: "https://pvsc.blob.core.windows.net", Arg 2: "python-language-server-stable", Arg 3: "Python-Language-Server-linux-x64", Arg 4: "https://pvsc.azureedge.net", Arg 5: <Uri:/home/wilmer/PythonProjects>, Return Value: undefined [Error: getaddrinfo EAI_AGAIN pvsc.blob.core.windows.net
	at GetAddrInfoReqWrap.onlookup [as oncomplete] (dns.js:60:26)] {
  errno: 'EAI_AGAIN',
  code: 'EAI_AGAIN',
  syscall: 'getaddrinfo',
  hostname: 'pvsc.blob.core.windows.net'
}
Error 2020-09-23 10:10:31: Get latest language server nuget package version, Class name = d, completed in 10715ms, has a falsy return value, Arg 1: <Uri:/home/wilmer/PythonProjects>, Arg 2: "0.5.30", Return Value: undefined [Error: getaddrinfo EAI_AGAIN pvsc.blob.core.windows.net
	at GetAddrInfoReqWrap.onlookup [as oncomplete] (dns.js:60:26)] {
  errno: 'EAI_AGAIN',
  code: 'EAI_AGAIN',
  syscall: 'getaddrinfo',
  hostname: 'pvsc.blob.core.windows.net'
}
Error 2020-09-23 10:10:31: Get latest version of language server, Class name = f, completed in 10717ms, has a falsy return value, Arg 1: <Uri:/home/wilmer/PythonProjects>, Return Value: undefined [Error: getaddrinfo EAI_AGAIN pvsc.blob.core.windows.net
	at GetAddrInfoReqWrap.onlookup [as oncomplete] (dns.js:60:26)] {
  errno: 'EAI_AGAIN',
  code: 'EAI_AGAIN',
  syscall: 'getaddrinfo',
  hostname: 'pvsc.blob.core.windows.net'
}
Error 2020-09-23 10:10:31: Get language server folder name, Class name = f, completed in 11361ms, has a falsy return value, Arg 1: <Uri:/home/wilmer/PythonProjects>, Return Value: undefined [TypeError: Cannot read property 'version' of undefined
	at u.getLanguageServerFolderName (/home/wilmer/.vscode/extensions/ms-python.python-2020.8.109390/out/client/extension.js:24:198579)
	at processTicksAndRejections (internal/process/task_queues.js:94:5)]
Error 2020-09-23 10:10:31: Failed to activate language server, Class name = s, completed in 11399ms, has a falsy return value, Arg 1: <Uri:/home/wilmer/PythonProjects>, Arg 2: undefined, Return Value: undefined [TypeError: Cannot read property 'version' of undefined
	at u.getLanguageServerFolderName (/home/wilmer/.vscode/extensions/ms-python.python-2020.8.109390/out/client/extension.js:24:198579)
	at processTicksAndRejections (internal/process/task_queues.js:94:5)]
We encountered an issue starting the language server. Reverting to Jedi language engine. Check the Python output panel for details.
> /home/willab/.local/share/virtualenvs/PythonProjects-xJVXXXja/bin/python ~/.vscode/extensions/ms-python.python-2020.8.109390/pythonFiles/pyvsc-run-isolated.py -c "import sys;print(sys.executable)"
> /home/willab/.local/share/virtualenvs/PythonProjects-xJVXXXja/bin/python ~/.vscode/extensions/ms-python.python-2020.8.109390/pythonFiles/pyvsc-run-isolated.py -c "import sys;print(sys.executable)"
Error 2020-09-23 10:10:31: Diagnostic Code: InvalidPythonInterpreterDiagnostic, Message: No Python interpreter is selected. You need to select a Python interpreter to enable features such as IntelliSense, linting, and debugging.
Diagnostic Code: InvalidPythonInterpreterDiagnostic, Message: No Python interpreter is selected. You need to select a Python interpreter to enable features such as IntelliSense, linting, and debugging.
> conda info --json
> conda --version
> /home/willab/.local/share/virtualenvs/PythonProjects-xJVXXXja/bin/python ~/.vscode/extensions/ms-python.python-2020.8.109390/pythonFiles/pyvsc-run-isolated.py -c "import sys;print(sys.executable)"
> /home/willab/.local/share/virtualenvs/PythonProjects-xJVXXXja/bin/python ~/.vscode/extensions/ms-python.python-2020.8.109390/pythonFiles/pyvsc-run-isolated.py -c "import sys;print(sys.executable)"
> pipenv --version
cwd: ~/PythonProjects
> /usr/bin/python ~/.vscode/extensions/ms-python.python-2020.8.109390/pythonFiles/pyvsc-run-isolated.py pip --version
Starting Microsoft Python language server.
Python interpreter path: /usr/bin/python
> ~/.local/share/virtualenvs/PythonProjects-F28W4x1O/bin/python3.8 ~/.vscode/extensions/ms-python.python-2020.8.109390/pythonFiles/pyvsc-run-isolated.py pip --version
> pipenv --version
cwd: ~/PythonProjects
> pipenv --version
cwd: ~/PythonProjects
> pipenv --venv
cwd: ~/PythonProjects
> pipenv --venv
cwd: ~/PythonProjects
> pipenv --py
cwd: ~/PythonProjects
> pipenv --py
cwd: ~/PythonProjects
Starting Microsoft Python language server.
Python interpreter path: ~/.local/share/virtualenvs/PythonProjects-F28W4x1O/bin/python3.8
> ~/.local/share/virtualenvs/PythonProjects-F28W4x1O/bin/activate ~/.vscode/extensions/ms-python.python-2020.8.109390/pythonFiles/pyvsc-run-isolated.py pip --version
Error 2020-09-23 10:18:58: Failed to get interpreter information for '/home/wilmer/.local/share/virtualenvs/PythonProjects-F28W4x1O/bin/activate' [Error: Command failed: "/home/wilmer/.local/share/virtualenvs/PythonProjects-F28W4x1O/bin/activate" "/home/wilmer/.vscode/extensions/ms-python.python-2020.8.109390/pythonFiles/pyvsc-run-isolated.py" "/home/wilmer/.vscode/extensions/ms-python.python-2020.8.109390/pythonFiles/interpreterInfo.py"
/bin/sh: /home/wilmer/.local/share/virtualenvs/PythonProjects-F28W4x1O/bin/activate: Permission denied

	at ChildProcess.exithandler (child_process.js:304:12)
	at ChildProcess.emit (events.js:223:5)
	at maybeClose (internal/child_process.js:1021:16)
	at Socket.<anonymous> (internal/child_process.js:430:11)
	at Socket.emit (events.js:223:5)
	at Pipe.<anonymous> (net.js:664:12)] {
  killed: false,
  code: 126,
  signal: null,
  cmd: '"/home/wilmer/.local/share/virtualenvs/PythonProjects-F28W4x1O/bin/activate" "/home/wilmer/.vscode/extensions/ms-python.python-2020.8.109390/pythonFiles/pyvsc-run-isolated.py" "/home/wilmer/.vscode/extensions/ms-python.python-2020.8.109390/pythonFiles/interpreterInfo.py"'
}
Error 2020-09-23 10:18:58: Failed to get interpreter information for '/home/wilmer/.local/share/virtualenvs/PythonProjects-F28W4x1O/bin/activate' [Error: Command failed: "/home/wilmer/.local/share/virtualenvs/PythonProjects-F28W4x1O/bin/activate" "/home/wilmer/.vscode/extensions/ms-python.python-2020.8.109390/pythonFiles/pyvsc-run-isolated.py" "/home/wilmer/.vscode/extensions/ms-python.python-2020.8.109390/pythonFiles/interpreterInfo.py"
/bin/sh: /home/wilmer/.local/share/virtualenvs/PythonProjects-F28W4x1O/bin/activate: Permission denied

	at ChildProcess.exithandler (child_process.js:304:12)
	at ChildProcess.emit (events.js:223:5)
	at maybeClose (internal/child_process.js:1021:16)
	at Socket.<anonymous> (internal/child_process.js:430:11)
	at Socket.emit (events.js:223:5)
	at Pipe.<anonymous> (net.js:664:12)] {
  killed: false,
  code: 126,
  signal: null,
  cmd: '"/home/wilmer/.local/share/virtualenvs/PythonProjects-F28W4x1O/bin/activate" "/home/wilmer/.vscode/extensions/ms-python.python-2020.8.109390/pythonFiles/pyvsc-run-isolated.py" "/home/wilmer/.vscode/extensions/ms-python.python-2020.8.109390/pythonFiles/interpreterInfo.py"'
}
Error 2020-09-23 10:18:58: Failed to get interpreter information for '/home/wilmer/.local/share/virtualenvs/PythonProjects-F28W4x1O/bin/activate' [Error: Command failed: "/home/wilmer/.local/share/virtualenvs/PythonProjects-F28W4x1O/bin/activate" "/home/wilmer/.vscode/extensions/ms-python.python-2020.8.109390/pythonFiles/pyvsc-run-isolated.py" "/home/wilmer/.vscode/extensions/ms-python.python-2020.8.109390/pythonFiles/interpreterInfo.py"
/bin/sh: /home/wilmer/.local/share/virtualenvs/PythonProjects-F28W4x1O/bin/activate: Permission denied

	at ChildProcess.exithandler (child_process.js:304:12)
	at ChildProcess.emit (events.js:223:5)
	at maybeClose (internal/child_process.js:1021:16)
	at Socket.<anonymous> (internal/child_process.js:430:11)
	at Socket.emit (events.js:223:5)
	at Pipe.<anonymous> (net.js:664:12)] {
  killed: false,
  code: 126,
  signal: null,
  cmd: '"/home/wilmer/.local/share/virtualenvs/PythonProjects-F28W4x1O/bin/activate" "/home/wilmer/.vscode/extensions/ms-python.python-2020.8.109390/pythonFiles/pyvsc-run-isolated.py" "/home/wilmer/.vscode/extensions/ms-python.python-2020.8.109390/pythonFiles/interpreterInfo.py"'
}
Error 2020-09-23 10:18:59: Failed to get interpreter information for '/home/wilmer/.local/share/virtualenvs/PythonProjects-F28W4x1O/bin/activate' [Error: Command failed: "/home/wilmer/.local/share/virtualenvs/PythonProjects-F28W4x1O/bin/activate" "/home/wilmer/.vscode/extensions/ms-python.python-2020.8.109390/pythonFiles/pyvsc-run-isolated.py" "/home/wilmer/.vscode/extensions/ms-python.python-2020.8.109390/pythonFiles/interpreterInfo.py"
/bin/sh: /home/wilmer/.local/share/virtualenvs/PythonProjects-F28W4x1O/bin/activate: Permission denied

	at ChildProcess.exithandler (child_process.js:304:12)
	at ChildProcess.emit (events.js:223:5)
	at maybeClose (internal/child_process.js:1021:16)
	at Socket.<anonymous> (internal/child_process.js:430:11)
	at Socket.emit (events.js:223:5)
	at Pipe.<anonymous> (net.js:664:12)] {
  killed: false,
  code: 126,
  signal: null,
  cmd: '"/home/wilmer/.local/share/virtualenvs/PythonProjects-F28W4x1O/bin/activate" "/home/wilmer/.vscode/extensions/ms-python.python-2020.8.109390/pythonFiles/pyvsc-run-isolated.py" "/home/wilmer/.vscode/extensions/ms-python.python-2020.8.109390/pythonFiles/interpreterInfo.py"'
}
Error 2020-09-23 10:19:00: Failed to get interpreter information for '/home/wilmer/.local/share/virtualenvs/PythonProjects-F28W4x1O/bin/activate' [Error: Command failed: "/home/wilmer/.local/share/virtualenvs/PythonProjects-F28W4x1O/bin/activate" "/home/wilmer/.vscode/extensions/ms-python.python-2020.8.109390/pythonFiles/pyvsc-run-isolated.py" "/home/wilmer/.vscode/extensions/ms-python.python-2020.8.109390/pythonFiles/interpreterInfo.py"
/bin/sh: /home/wilmer/.local/share/virtualenvs/PythonProjects-F28W4x1O/bin/activate: Permission denied

	at ChildProcess.exithandler (child_process.js:304:12)
	at ChildProcess.emit (events.js:223:5)
	at maybeClose (internal/child_process.js:1021:16)
	at Process.ChildProcess._handle.onexit (internal/child_process.js:283:5)] {
  killed: false,
  code: 126,
  signal: null,
  cmd: '"/home/wilmer/.local/share/virtualenvs/PythonProjects-F28W4x1O/bin/activate" "/home/wilmer/.vscode/extensions/ms-python.python-2020.8.109390/pythonFiles/pyvsc-run-isolated.py" "/home/wilmer/.vscode/extensions/ms-python.python-2020.8.109390/pythonFiles/interpreterInfo.py"'
}
