User belongs to experiment group 'ShowPlayIcon - start'
User belongs to experiment group 'DebugAdapterFactory - experiment'
User belongs to experiment group 'PtvsdWheels37 - experiment'
User belongs to experiment group 'UseTerminalToGetActivatedEnvVars - control'
User belongs to experiment group 'AA_testing - experiment'
User belongs to experiment group 'LocalZMQKernel - experiment'
User belongs to experiment group 'CollectLSRequestTiming - control'
User belongs to experiment group 'CollectNodeLSRequestTiming - experiment'
User belongs to experiment group 'EnableIPyWidgets - experiment'
User belongs to experiment group 'RunByLine - control'
User belongs to experiment group 'CustomEditorSupport - control'
User belongs to experiment group 'pythonaa'
User belongs to experiment group 'pythonTipPromptWording'
> conda --version
> conda info --json
> pyenv root
> python3.7 ~/.vscode/extensions/ms-python.python-2020.9.111407/pythonFiles/pyvsc-run-isolated.py -c "import sys;print(sys.executable)"
> python3.6 ~/.vscode/extensions/ms-python.python-2020.9.111407/pythonFiles/pyvsc-run-isolated.py -c "import sys;print(sys.executable)"
> python3 ~/.vscode/extensions/ms-python.python-2020.9.111407/pythonFiles/pyvsc-run-isolated.py -c "import sys;print(sys.executable)"
> python2 ~/.vscode/extensions/ms-python.python-2020.9.111407/pythonFiles/pyvsc-run-isolated.py -c "import sys;print(sys.executable)"
> python ~/.vscode/extensions/ms-python.python-2020.9.111407/pythonFiles/pyvsc-run-isolated.py -c "import sys;print(sys.executable)"
> ~/.local/share/virtualenvs/PythonProjects-F28W4x1O/bin/python ~/.vscode/extensions/ms-python.python-2020.9.111407/pythonFiles/pyvsc-run-isolated.py -c "import sys;print(sys.executable)"
Starting Microsoft Python language server.
Python interpreter path: ~/.local/share/virtualenvs/PythonProjects-F28W4x1O/bin/python
> ~/.local/share/virtualenvs/PythonProjects-F28W4x1O/bin/python ~/.vscode/extensions/ms-python.python-2020.9.111407/pythonFiles/pyvsc-run-isolated.py -c "import notebook"
> ~/.local/share/virtualenvs/PythonProjects-F28W4x1O/bin/python ~/.vscode/extensions/ms-python.python-2020.9.111407/pythonFiles/pyvsc-run-isolated.py -c "import jupyter"
> conda info --json
> conda --version
