00:00:00.025955 main     VirtualBox XPCOM Server 6.1.14 r140239 linux.amd64 (Sep  7 2020 21:01:30) release log
00:00:00.025963 main     Log opened 2020-10-01T20:24:41.477793000Z
00:00:00.025966 main     Build Type: release
00:00:00.025973 main     OS Product: Linux
00:00:00.025977 main     OS Release: 5.8.12-arch1-1
00:00:00.025981 main     OS Version: #1 SMP PREEMPT Sat, 26 Sep 2020 21:42:58 +0000
00:00:00.026089 main     DMI Product Name: Dell System Inspiron N4110
00:00:00.026122 main     DMI Product Version: 
00:00:00.026151 main     Firmware type: BIOS
00:00:00.026257 main     Host RAM: 7871MB (7.6GB) total, 7353MB (7.1GB) available
00:00:00.026266 main     Executable: /usr/lib/virtualbox/VBoxSVC
00:00:00.026268 main     Process ID: 46894
00:00:00.026269 main     Package type: LINUX_64BITS_GENERIC (OSE)
00:00:00.031438 main     IPC socket path: /tmp/.vbox-root-ipc/ipcd
00:00:00.181750 nspr-2   VirtualBox: object creation starts
00:00:00.182101 nspr-2   Home directory: '/home/wilmer/.config/VirtualBox'
00:00:00.187970 nspr-2   Loading settings file "/home/wilmer/.config/VirtualBox/VirtualBox.xml" with version "1.12-linux"
00:00:00.228342 nspr-2   USB: Unknown USB device detected (idVendor: 0x8086, idProduct: 0x0189)
00:00:00.228752 nspr-2   Successfully initialised host USB using sysfs
00:00:00.311353 nspr-2   NetIfAdpCtlOut: VBoxNetAdpCtl: Error while retrieving link speed for wlan0: VBoxNetAdpCtl: ioctl failed: Operation not supported
00:00:00.328539 nspr-2   NetIfAdpCtlOut: VBoxNetAdpCtl: Error while retrieving link status for vmnet1: VBoxNetAdpCtl: ioctl failed: Operation not supported
00:00:00.345489 nspr-2   NetIfAdpCtlOut: VBoxNetAdpCtl: Error while retrieving link status for vmnet8: VBoxNetAdpCtl: ioctl failed: Operation not supported
00:00:00.360632 nspr-2   HostDnsMonitor: initializing
00:00:00.361474 nspr-2   NAT: resolv.conf: nameserver 181.70.124.110
00:00:00.361520 nspr-2   NAT: resolv.conf: nameserver 200.13.249.101
00:00:00.361559 nspr-2   HostDnsMonitor: updating information
00:00:00.361604 nspr-2   HostDnsMonitor: old information
00:00:00.361618 nspr-2     no server entries
00:00:00.361630 nspr-2     no domain set
00:00:00.361640 nspr-2     no search string entries
00:00:00.361651 nspr-2   HostDnsMonitor: new information
00:00:00.361660 nspr-2     server 1: 181.70.124.110
00:00:00.361672 nspr-2     server 2: 200.13.249.101
00:00:00.361683 nspr-2     no domain set
00:00:00.361692 nspr-2     no search string entries
00:00:00.555168 nspr-2   VD: VDInit finished with VINF_SUCCESS
00:00:00.556592 nspr-2   ERROR [COM]: aRC=NS_ERROR_FAILURE (0x80004005) aIID={027bc463-929c-40e8-bf16-fea557cd8e7e} aComponent={SystemPropertiesWrap} aText={Cannot determine default Guest Additions ISO location. Most likely they are not available}, preserve=false aResultDetail=0
00:00:00.660979 nspr-2   Loading settings file "/mnt/DATOS/MIS CARPETAS/MAQUINAS VIRTUALES/Ubuntu20.04/Ubuntu20.04.vbox" with version "1.16-linux"
00:00:00.764506 nspr-2   Loading settings file "/mnt/DATOS/MIS CARPETAS/MAQUINAS VIRTUALES/Centos8/Centos8.vbox" with version "1.16-linux"
00:00:00.841321 nspr-2   Loading settings file "/mnt/DATOS/MIS CARPETAS/MAQUINAS VIRTUALES/ArchLabsBeta/ArchLabsBeta.vbox" with version "1.16-linux"
00:00:00.881033 nspr-2   Loading settings file "/mnt/DATOS/MIS CARPETAS/MAQUINAS VIRTUALES/ParrotOs/ParrotOs.vbox" with version "1.17-linux"
00:00:00.883360 nspr-2   Loading settings file "/mnt/DATOS/MIS CARPETAS/MAQUINAS VIRTUALES/ArchLabsFinal/ArchLabsFinal.vbox" with version "1.16-linux"
00:00:00.944534 nspr-2   OCI: Local config file '/home/wilmer/.config/VirtualBox/oci_config' does not exist
00:00:00.944645 nspr-2   OCI: Original config file '/root/.oci/config' does not exist
00:00:00.944663 nspr-2   OCI: Reading profiles finished with status NS_OK
00:00:00.944690 nspr-2   ExtPack: Created cloud provider 'OCI' (hrc=NS_OK)
00:00:00.944765 nspr-2   VirtualBox: object created
00:00:35.512090 nspr-6   NetIfAdpCtlOut: VBoxNetAdpCtl: Error while retrieving link speed for wlan0: VBoxNetAdpCtl: ioctl failed: Operation not supported
00:00:35.529145 nspr-6   NetIfAdpCtlOut: VBoxNetAdpCtl: Error while retrieving link status for vmnet1: VBoxNetAdpCtl: ioctl failed: Operation not supported
00:00:35.546161 nspr-6   NetIfAdpCtlOut: VBoxNetAdpCtl: Error while retrieving link status for vmnet8: VBoxNetAdpCtl: ioctl failed: Operation not supported
00:00:35.571584 nspr-4   NetIfAdpCtlOut: VBoxNetAdpCtl: Error while retrieving link speed for wlan0: VBoxNetAdpCtl: ioctl failed: Operation not supported
00:00:35.588324 nspr-4   NetIfAdpCtlOut: VBoxNetAdpCtl: Error while retrieving link status for vmnet1: VBoxNetAdpCtl: ioctl failed: Operation not supported
00:00:35.605766 nspr-4   NetIfAdpCtlOut: VBoxNetAdpCtl: Error while retrieving link status for vmnet8: VBoxNetAdpCtl: ioctl failed: Operation not supported
00:00:48.927645 nspr-6   Saving settings file "/home/wilmer/.config/VirtualBox/VirtualBox.xml" with version "1.12-linux"
00:00:52.731139 nspr-5   Saving settings file "/home/wilmer/.config/VirtualBox/VirtualBox.xml" with version "1.12-linux"
00:00:52.992655 nspr-2   Saving settings file "/mnt/DATOS/MIS CARPETAS/MAQUINAS VIRTUALES/ArchLabsFinal/ArchLabsFinal.vbox" with version "1.16-linux"
00:00:55.079191 nspr-6   Launched VM: 4227870096 pid: 47007 (0xb79f) frontend: GUI/Qt name: ArchLabsFinal
00:00:58.882294 nspr-4   Load [/usr/lib/virtualbox/ExtensionPacks/Oracle_VM_VirtualBox_Extension_Pack/linux.amd64/VBoxHostWebcam.so] vrc=VINF_SUCCESS
00:00:59.297622 nspr-6   ERROR [COM]: aRC=VBOX_E_IPRT_ERROR (0x80bb0005) aIID={85632c68-b5bb-4316-a900-5eb28d3413df} aComponent={SessionMachine} aText={Saved screenshot data is not available (VERR_NOT_SUPPORTED)}, preserve=false aResultDetail=-37
00:00:59.379277 nspr-6   NetIfAdpCtlOut: VBoxNetAdpCtl: Error while retrieving link speed for wlan0: VBoxNetAdpCtl: ioctl failed: Operation not supported
00:00:59.408998 nspr-6   NetIfAdpCtlOut: VBoxNetAdpCtl: Error while retrieving link status for vmnet1: VBoxNetAdpCtl: ioctl failed: Operation not supported
00:00:59.428404 nspr-6   NetIfAdpCtlOut: VBoxNetAdpCtl: Error while retrieving link status for vmnet8: VBoxNetAdpCtl: ioctl failed: Operation not supported
00:01:10.513496 nspr-4   Saving settings file "/home/wilmer/.config/VirtualBox/VirtualBox.xml" with version "1.12-linux"
00:01:10.646971 nspr-7   Saving settings file "/home/wilmer/.config/VirtualBox/VirtualBox.xml" with version "1.12-linux"
00:17:34.237365 nspr-5   Saving settings file "/mnt/DATOS/MIS CARPETAS/MAQUINAS VIRTUALES/ArchLabsFinal/ArchLabsFinal.vbox" with version "1.16-linux"
00:18:24.862501 nspr-5   Saving settings file "/mnt/DATOS/MIS CARPETAS/MAQUINAS VIRTUALES/ArchLabsFinal/ArchLabsFinal.vbox" with version "1.16-linux"
00:18:25.453306 nspr-3   Saving settings file "/mnt/DATOS/MIS CARPETAS/MAQUINAS VIRTUALES/ArchLabsFinal/ArchLabsFinal.vbox" with version "1.16-linux"
