[54053][1597004639198][requester][info]["EventBus~initialize - Success"]
[54053][1597004639220][requester][info]["Messaging~boot - Success"]
[54053][1597004639290][requester][info]["bootCrashReporter~ Success"]
[54053][1597004639307][requester][info]["Telemetry~boot - Success"]
[54053][1597004639317][requester][info]["bootConfigurations~initialize - Success"]
[54053][1597004639336][requester][info]["Settings~boot - Success"]
[54053][1597004640115][requester][info]["bootstrapModels - Success"]
[54053][1597004640124][requester][info]["WLModels~boot - Success"]
[54053][1597004640758][requester][info]["Session~boot - Success"]
[54053][1597004640777][requester][info]["IndependentServices~boot - Success"]
[54053][1597004640955][requester][info]["AppModels~boot - Success"]
[54053][1597004640992][requester][info]["RuntimeListeners~boot- Success"]
[54053][1597004640996][requester][info]["DBWatcher~boot - Success"]
[54053][1597004641031][requester][info]["ThemeManager~boot - Success"]
[54053][1597004641036][requester][info]["Store~boot - Success"]
[54053][1597004641059][requester][info]["Shortcuts~boot - Success"]
[54053][1597004641062][requester][info]["SyncProxy~boot - Success"]
[54053][1597004641173][requester][info]["NewConsole~boot - Success"]
[54053][1597004641237][requester][info]["APIDevInterface~boot - Success"]
[54053][1597004641309][requester][info]["Requester~boot - Success"]
[54053][1597004641312][requester][info]["booted - requester"]
[54053][1597004641612][requester][warn]["CloudProxyHandler: Error while reading proxy configuration from user data - ",{"errno":-2,"code":"ENOENT","syscall":"open","path":"/home/wilmer/.config/Postman/Postman_Config/proxy","name":"Error","message":"ENOENT: no such file or directory, open '/home/wilmer/.config/Postman/Postman_Config/proxy'","stack":"Error: ENOENT: no such file or directory, open '/home/wilmer/.config/Postman/Postman_Config/proxy'"}]
[54053][1597004655151][requester][info]["SessionValidation - Registering listener"]
[54053][1597004655531][requester][warn]["FeatureFlagsStore~updateFlags: Could not find feature flags",{"error":{"message":"SyncRequestService\\x7erequestListener: Could not fetch from sync. Socket not connected."}}]
[54053][1597004663261][requester][error]["Error in update flow: {\"code\":\"EACCES\",\"errno\":-13,\"message\":\"EACCES: permission denied, open '/usr/Postman-1597004662768.tar.gz'\",\"name\":\"Error\",\"path\":\"/usr/Postman-1597004662768.tar.gz\",\"stack\":\"Error: EACCES: permission denied, open '/usr/Postman-1597004662768.tar.gz'\",\"syscall\":\"open\"}"]
[54053][1597004821290][requester][warn]["Failed to subscribe to workspace for all APIs",{"name":"Error","message":"","stack":"Error\n    at SafeSubscriber._next (file:///usr/share/postman/app/js/vendor-shared.js:478253:24)\n    at SafeSubscriber.__tryOrUnsub (file:///usr/share/postman/app/js/vendor-shared.js:42867:16)\n    at SafeSubscriber.next (file:///usr/share/postman/app/js/vendor-shared.js:42805:22)\n    at Subscriber._next (file:///usr/share/postman/app/js/vendor-shared.js:42748:26)\n    at Subscriber.next (file:///usr/share/postman/app/js/vendor-shared.js:42725:18)\n    at FilterSubscriber._next (file:///usr/share/postman/app/js/vendor-shared.js:181886:30)\n    at FilterSubscriber.Subscriber.next (file:///usr/share/postman/app/js/vendor-shared.js:42725:18)\n    at RefCountSubscriber.Subscriber._next (file:///usr/share/postman/app/js/vendor-shared.js:42748:26)\n    at RefCountSubscriber.Subscriber.next (file:///usr/share/postman/app/js/vendor-shared.js:42725:18)\n    at Subject.next (file:///usr/share/postman/app/js/vendor-shared.js:80230:25)\n    at ConnectableSubscriber.Subscriber._next (file:///usr/share/postman/app/js/vendor-shared.js:42748:26)\n    at ConnectableSubscriber.Subscriber.next (file:///usr/share/postman/app/js/vendor-shared.js:42725:18)\n    at EventEmitter.<anonymous> (file:///usr/share/postman/app/js/vendor-shared.js:478200:14)\n    at EventEmitter.emit (file:///usr/share/postman/app/js/vendor-shared.js:49069:5)\n    at _dispatch (file:///usr/share/postman/app/js/vendor-shared.js:179931:14)\n    at EventEmitter.<anonymous> (file:///usr/share/postman/app/js/vendor-shared.js:179941:9)"}]
[54053][1597004821737][requester][warn]["FeatureFlagsStore~updateFlags: Could not find feature flags",{"error":{"message":"SyncRequestService\\x7erequestListener: Could not fetch from sync. Socket not connected."}}]
