User belongs to experiment group 'ShowPlayIcon - start'
User belongs to experiment group 'DebugAdapterFactory - experiment'
User belongs to experiment group 'PtvsdWheels37 - experiment'
User belongs to experiment group 'UseTerminalToGetActivatedEnvVars - control'
User belongs to experiment group 'AA_testing - experiment'
User belongs to experiment group 'LocalZMQKernel - experiment'
User belongs to experiment group 'CollectLSRequestTiming - control'
User belongs to experiment group 'CollectNodeLSRequestTiming - experiment'
User belongs to experiment group 'EnableIPyWidgets - experiment'
User belongs to experiment group 'RunByLine - control'
User belongs to experiment group 'CustomEditorSupport - control'
User belongs to experiment group 'pythonaa'
User belongs to experiment group 'pythonTipPromptWording'
> conda --version
> conda info --json
> pyenv root
> python3.7 ~/.vscode/extensions/ms-python.python-2020.8.109390/pythonFiles/pyvsc-run-isolated.py -c "import sys;print(sys.executable)"
> python3.6 ~/.vscode/extensions/ms-python.python-2020.8.109390/pythonFiles/pyvsc-run-isolated.py -c "import sys;print(sys.executable)"
> python3 ~/.vscode/extensions/ms-python.python-2020.8.109390/pythonFiles/pyvsc-run-isolated.py -c "import sys;print(sys.executable)"
> python2 ~/.vscode/extensions/ms-python.python-2020.8.109390/pythonFiles/pyvsc-run-isolated.py -c "import sys;print(sys.executable)"
> python ~/.vscode/extensions/ms-python.python-2020.8.109390/pythonFiles/pyvsc-run-isolated.py -c "import sys;print(sys.executable)"
> ~/.local/share/virtualenvs/PythonProjects-F28W4x1O/bin/python ~/.vscode/extensions/ms-python.python-2020.8.109390/pythonFiles/pyvsc-run-isolated.py -c "import sys;print(sys.executable)"
> ~/.local/share/virtualenvs/PythonProjects-F28W4x1O/bin/python ~/.vscode/extensions/ms-python.python-2020.8.109390/pythonFiles/pyvsc-run-isolated.py -c "import jupyter"
> ~/.local/share/virtualenvs/PythonProjects-F28W4x1O/bin/python ~/.vscode/extensions/ms-python.python-2020.8.109390/pythonFiles/pyvsc-run-isolated.py -c "import notebook"
Python interpreter path: ~/.local/share/virtualenvs/PythonProjects-F28W4x1O/bin/python
Starting Microsoft Python language server.
Error 2020-09-24 20:36:29: Failed to download and store experiments, Class name = b, completed in 11653ms, has a falsy return value, , Return Value: undefined [Error: getaddrinfo EAI_AGAIN raw.githubusercontent.com
	at GetAddrInfoReqWrap.onlookup [as oncomplete] (dns.js:60:26)] {
  errno: 'EAI_AGAIN',
  code: 'EAI_AGAIN',
  syscall: 'getaddrinfo',
  hostname: 'raw.githubusercontent.com'
}
Error 2020-09-24 20:36:29: Failed to initialize experiments, Class name = b, completed in 11656ms, has a falsy return value, , Return Value: undefined [Error: getaddrinfo EAI_AGAIN raw.githubusercontent.com
	at GetAddrInfoReqWrap.onlookup [as oncomplete] (dns.js:60:26)] {
  errno: 'EAI_AGAIN',
  code: 'EAI_AGAIN',
  syscall: 'getaddrinfo',
  hostname: 'raw.githubusercontent.com'
}
> conda info --json
> conda --version
